14:49:48.903 I  argc[1]<=1.[:0]
14:49:49.662 D  qApp->setStyle: windowsvista[:0]
14:49:49.662 D  last time styleName is windowsvista[:0]
14:49:49.662 D  qApp->setStyleSheet: default[default][:0]
14:49:49.662 D  last time stylesheetName is default[:0]
14:49:49.787 D  Stored switch on:  true , flags: QDir::Filters( Dirs|Files|Drives|NoDot|NoDotDot|AllEntries|Hidden )[:0]
14:49:49.793 D  Switch toolbar to list/table/tree[1][:0]
14:49:49.822 D  Switch view widget to table[1][:0]
14:49:49.822 D  FileExplorerReadOnly Current path [C:/home/Ariel/qtcpp/build-FileExplorerReadOnly-Desktop_Qt_5_15_2_MinGW_64_bit-Release][:0]
14:49:49.892 D  File Explorer read preference settings from[E:/115/1119].[:0]
14:49:49.893 D  set Path [E:/115/1119][:0]
14:49:49.893 W  Path[C:/DISK/LD2/L] is not a folder[:0]
14:49:49.893 W  Path[C:/DISK/LDBKP/L] is not a folder[:0]
14:49:49.918 I  Directory loaded [C:/][:0]
14:49:49.918 D  AnchorTags[C:/] not exist. cancel scroll[:0]
14:49:49.918 I  Directory loaded [E:/115/1119][:0]
14:49:49.918 D  AnchorTags[E:/115/1119] not exist. cancel scroll[:0]
15:16:35.986 I  argc[1]<=1.[:0]
15:16:36.565 D  qApp->setStyle: windowsvista[:0]
15:16:36.565 D  last time styleName is windowsvista[:0]
15:16:36.565 D  qApp->setStyleSheet: default[default][:0]
15:16:36.565 D  last time stylesheetName is default[:0]
15:16:36.675 D  Stored switch on:  true , flags: QDir::Filters( Dirs|Files|Drives|NoDot|NoDotDot|AllEntries|Hidden )[:0]
15:16:36.679 D  Switch toolbar to list/table/tree[1][:0]
15:16:36.700 D  Switch view widget to table[1][:0]
15:16:36.700 D  FileExplorerReadOnly Current path [C:/home/Ariel/qtcpp/build-FileExplorerReadOnly-Desktop_Qt_5_15_2_MinGW_64_bit-Release][:0]
15:16:36.750 D  File Explorer read preference settings from[E:/115/1119].[:0]
15:16:36.750 D  set Path [E:/115/1119][:0]
15:16:36.750 W  Path[C:/DISK/LD2/L] is not a folder[:0]
15:16:36.750 W  Path[C:/DISK/LDBKP/L] is not a folder[:0]
15:16:36.780 I  Directory loaded [C:/][:0]
15:16:36.780 D  AnchorTags[C:/] not exist. cancel scroll[:0]
15:16:36.785 I  Directory loaded [E:/115/1119][:0]
15:16:36.785 D  AnchorTags[E:/115/1119] not exist. cancel scroll[:0]
