2024-02-23 08:23:42
Fail: rename(/home/ariel/Downloads,video-library-svgrepo-com.svg,/home/ariel,video-library-svgrepo-com.svg) [4 parm(s)]
Above 1 command(s) failed.
2024-02-23 08:23:42
Fail: rename(/home/ariel/Downloads,video-library-svgrepo-com.svg,/home/ariel,video-library-svgrepo-com.svg) [4 parm(s)]
Above 1 command(s) failed.
2024-02-23 08:24:14
Fail: rename(/home/ariel,video-library-svgrepo-com.svg,/home/ariel/Downloads,video-library-svgrepo-com.svg) [4 parm(s)]
Above 1 command(s) failed.
2024-02-23 08:24:14
Fail: rename(/home/ariel,video-library-svgrepo-com.svg,/home/ariel/Downloads,video-library-svgrepo-com.svg) [4 parm(s)]
Above 1 command(s) failed.
2024-02-23 08:30:34
Fail: rename(/home/ariel/Downloads,video-library-svgrepo-com.svg,/home/ariel,video-library-svgrepo-com.svg) [4 parm(s)]
Above 1 command(s) failed.
2024-02-23 08:30:34
Fail: rename(/home/ariel/Downloads,video-library-svgrepo-com.svg,/home/ariel,video-library-svgrepo-com.svg) [4 parm(s)]
Above 1 command(s) failed.
2024-02-23 08:31:20
Fail: rename(/home/ariel/Downloads,video-library-svgrepo-com.svg,/home/ariel/Downloads/Ruben Dias,video-library-svgrepo-com.svg) [4 parm(s)]
Above 1 command(s) failed.
2024-02-23 08:31:20
Fail: rename(/home/ariel/Downloads,video-library-svgrepo-com.svg,/home/ariel/Downloads/Ruben Dias,video-library-svgrepo-com.svg) [4 parm(s)]
Above 1 command(s) failed.
2024-02-23 08:32:00
Fail: rename(/home/ariel/Downloads,video-library-svgrepo-com (copy).svg,/home/ariel/Downloads/Ruben Dias,video-library-svgrepo-com (copy).svg) [4 parm(s)]
Above 1 command(s) failed.
2024-02-23 08:32:00
Fail: rename(/home/ariel/Downloads,video-library-svgrepo-com (copy).svg,/home/ariel/Downloads/Ruben Dias,video-library-svgrepo-com (copy).svg) [4 parm(s)]
Above 1 command(s) failed.
2024-02-23 08:32:24
Fail: rename(/home/ariel/Downloads,The Bite 2 - David Pierre Porn Star Lucky Star DVD.jpg,/home,The Bite 2 - David Pierre Porn Star Lucky Star DVD.jpg) [4 parm(s)]
Above 1 command(s) failed.
2024-02-23 08:34:47
Fail: rename(/home/ariel/Downloads/Ruben Dias,video-library-svgrepo-com (copy).svg,/home/ariel/Downloads,video-library-svgrepo-com (copy).svg) [4 parm(s)]
Fail: rename(/home/ariel/Downloads/Ruben Dias,video-library-svgrepo-com.svg,/home/ariel/Downloads,video-library-svgrepo-com.svg) [4 parm(s)]
Above 2 command(s) failed.
2024-02-23 08:34:47
Fail: rename(/home/ariel/Downloads/Ruben Dias,video-library-svgrepo-com (copy).svg,/home/ariel/Downloads,video-library-svgrepo-com (copy).svg) [4 parm(s)]
Fail: rename(/home/ariel/Downloads/Ruben Dias,video-library-svgrepo-com.svg,/home/ariel/Downloads,video-library-svgrepo-com.svg) [4 parm(s)]
Above 2 command(s) failed.
2024-02-23 08:39:06
Fail: rename(/home/ariel/Downloads/Ruben Dias,video-library-svgrepo-com.svg,/,video-library-svgrepo-com.svg) [4 parm(s)]
Above 1 command(s) failed.
2024-02-23 23:00:39
Fail: rename(D:/,,E:/,) [4 parm(s)]
Above 1 command(s) failed.
