23:26:26.306	I	argc[2]>1. argv[1][C:\home\Ariel\qtcpp\FileExplorerReadOnly\themes\LogView].	..\FileExplorerReadOnly\main.cpp	21	int qMain(int, char**)
23:26:26.320	D	Load Chinese pack	..\FileExplorerReadOnly\PublicTool.cpp	191	void LoadCNLanguagePack(QTranslator&)
23:26:26.320	D	Load language pack succeed FileExplorerReadOnly_zh_CN	..\FileExplorerReadOnly\PublicTool.cpp	194	void LoadCNLanguagePack(QTranslator&)
23:26:26.851	D	Stored switch on:  true , flags: QDir::Filters( Dirs|Files|Drives|NoDot|NoDotDot|AllEntries )	..\FileExplorerReadOnly\Component\FileSystemTypeFilter.cpp	52	FileSystemTypeFilter::FileSystemTypeFilter(QWidget*)
23:26:26.872	I	At first time, QHeaderView.restoreState() would restore state with bugs(always being descending) and triggered indicator changed. So instead, we trust value more from PreferenceSetting.The first time. we trust onSortIndicatorChanged more	..\FileExplorerReadOnly\View\CustomTableView.cpp	237	void CustomTableView::onSortIndicatorChanged(int, Qt::SortOrder)
23:26:26.872	D	FileExplorerReadOnly Current path [C:/home/Ariel/qtcpp/FileExplorerReadOnly/themes/LogView]	..\FileExplorerReadOnly\FileExplorerReadOnly.cpp	37	FileExplorerReadOnly::FileExplorerReadOnly(int, const char* const*, QWidget*)
23:26:26.926	D	File Explorer read preference settings from[C:/home/Ariel/qtcpp/FileExplorerReadOnly/themes/LogView].	..\FileExplorerReadOnly\FileExplorerReadOnly.cpp	97	QString FileExplorerReadOnly::ReadSettings(const QString&)
23:26:26.928	D	set Path [C:/home/Ariel/qtcpp/FileExplorerReadOnly/themes/LogView]	..\FileExplorerReadOnly\Component\AddressELineEdit.cpp	110	void AddressELineEdit::updateAddressToolBarPathActions(const QString&)
23:26:26.962	D	onAfterDirectoryLoaded[C:/home/Ariel/qtcpp/FileExplorerReadOnly/themes/LogView]	..\FileExplorerReadOnly\ContentPanel.cpp	219	bool ContentPanel::onAfterDirectoryLoaded(const QString&)
23:26:26.962	D	anchorTags[C:/home/Ariel/qtcpp/FileExplorerReadOnly/themes/LogView] not exist. scroll abort	..\FileExplorerReadOnly\ContentPanel.cpp	222	bool ContentPanel::onAfterDirectoryLoaded(const QString&)
23:26:34.067	I	At first time, QHeaderView.restoreState() would restore state with bugs(always being descending) and triggered indicator changed. So instead, we trust value more from PreferenceSetting.The first time. we trust onSortIndicatorChanged more	..\FileExplorerReadOnly\View\CustomTableView.cpp	237	void CustomTableView::onSortIndicatorChanged(int, Qt::SortOrder)
23:26:34.072	I	At first time, QHeaderView.restoreState() would restore state with bugs(always being descending) and triggered indicator changed. So instead, we trust value more from PreferenceSetting.The first time. we trust onSortIndicatorChanged more	..\FileExplorerReadOnly\View\CustomTableView.cpp	237	void CustomTableView::onSortIndicatorChanged(int, Qt::SortOrder)
23:26:34.072	D	logicalIndex 0 order Qt::DescendingOrder	..\FileExplorerReadOnly\View\CustomTableView.cpp	250	void CustomTableView::onSortIndicatorChanged(int, Qt::SortOrder)
23:31:55.336	D	[3] letter(s) has been [full-record].	..\FileExplorerReadOnly\Tools\CopyItemPropertiesToClipboardIF.cpp	21	static bool CopyItemPropertiesToClipboardIF::PathCopyTriple(const QStringList&, const QString&)
23:55:12.349	D	3	..\FileExplorerReadOnly\Component\AddressELineEdit.cpp	36	virtual bool FocusEventWatch::eventFilter(QObject*, QEvent*)
23:55:12.349	D	4	..\FileExplorerReadOnly\Component\AddressELineEdit.cpp	39	virtual bool FocusEventWatch::eventFilter(QObject*, QEvent*)
23:55:13.522	D	set Path [D:/Y2024/0314/items]	..\FileExplorerReadOnly\Component\AddressELineEdit.cpp	110	void AddressELineEdit::updateAddressToolBarPathActions(const QString&)
23:55:13.527	D	1	..\FileExplorerReadOnly\Component\AddressELineEdit.cpp	29	virtual bool FocusEventWatch::eventFilter(QObject*, QEvent*)
23:55:13.527	D	2	..\FileExplorerReadOnly\Component\AddressELineEdit.cpp	32	virtual bool FocusEventWatch::eventFilter(QObject*, QEvent*)
23:55:13.527	D	onAfterDirectoryLoaded[D:/Y2024/0314/items]	..\FileExplorerReadOnly\ContentPanel.cpp	219	bool ContentPanel::onAfterDirectoryLoaded(const QString&)
23:55:13.527	D	anchorTags[D:/Y2024/0314/items] not exist. scroll abort	..\FileExplorerReadOnly\ContentPanel.cpp	222	bool ContentPanel::onAfterDirectoryLoaded(const QString&)
23:55:18.381	D	Stored switch on:  true , flags: QDir::Filters( Dirs|Files|Drives|NoDot|NoDotDot|AllEntries )	..\FileExplorerReadOnly\Component\FileSystemTypeFilter.cpp	52	FileSystemTypeFilter::FileSystemTypeFilter(QWidget*)
23:55:18.391	I	At first time, QHeaderView.restoreState() would restore state with bugs(always being descending) and triggered indicator changed. So instead, we trust value more from PreferenceSetting.The first time. we trust onSortIndicatorChanged more	..\FileExplorerReadOnly\View\CustomTableView.cpp	237	void CustomTableView::onSortIndicatorChanged(int, Qt::SortOrder)
23:55:18.396	D	AdvanceSearchModel::initRootPath(%s) "D:/Y2024/0314/items"	..\FileExplorerReadOnly\AdvanceSearchModel.cpp	85	void AdvanceSearchModel::initRootPath(const QString&)
23:55:18.401	D	> 179 item(s) | QDir::Filters: 24583 | under [D:/Y2024/0314/items]	..\FileExplorerReadOnly\AdvanceSearchModel.cpp	51	void AdvanceSearchModel::_updatePlanetList()
23:55:18.401	D	logger: msg[QDir::Filters: 24583 | under [D:/Y2024/0314/items]]	..\FileExplorerReadOnly\Component/CustomStatusBar.h	34	void CustomStatusBar::msg(const QString&, STATUS_STR_TYPE)
23:55:18.401	D	AdvanceSearchModel::setRootPath "D:/Y2024/0314/items"	..\FileExplorerReadOnly\AdvanceSearchModel.cpp	94	void AdvanceSearchModel::setRootPath(const QString&)
23:55:22.506	D	Read file [D:/Y2024/0314/items/12/[Requested] A Breeze of Love - BTS Special Clips.html]	..\FileExplorerReadOnly\Tools\SearchProxyModel.cpp	166	bool SearchProxyModel::CheckIfContentsContained(const QString&, const QString&) const
23:55:22.506	D	Read file [D:/Y2024/0314/items/34/[Lucas Entertainment] The Intern (2007) (DVD-rip AI-1280 752).html]	..\FileExplorerReadOnly\Tools\SearchProxyModel.cpp	166	bool SearchProxyModel::CheckIfContentsContained(const QString&, const QString&) const
23:55:22.506	D	Read file [D:/Y2024/0314/items/5/[FFL] Randy Blue - Caleb Strong and Abele Place.html]	..\FileExplorerReadOnly\Tools\SearchProxyModel.cpp	166	bool SearchProxyModel::CheckIfContentsContained(const QString&, const QString&) const
23:55:22.506	D	Read file [D:/Y2024/0314/items/5/[FFL] Jalif Studio - Bare Fuck Party.html]	..\FileExplorerReadOnly\Tools\SearchProxyModel.cpp	166	bool SearchProxyModel::CheckIfContentsContained(const QString&, const QString&) const
23:55:22.506	D	Read file [D:/Y2024/0314/items/34/XXX-mas Military Orgy.html]	..\FileExplorerReadOnly\Tools\SearchProxyModel.cpp	166	bool SearchProxyModel::CheckIfContentsContained(const QString&, const QString&) const
23:55:22.506	D	Read file [D:/Y2024/0314/items/34/William Higgins - Radim Kastan & Nico Vegas - Screen Test RAW - FULL CONTACT.html]	..\FileExplorerReadOnly\Tools\SearchProxyModel.cpp	166	bool SearchProxyModel::CheckIfContentsContained(const QString&, const QString&) const
23:55:22.506	D	Read file [D:/Y2024/0314/items/12/Why Not Bi - Nicki Hunter, Chuck Conrad & Enzo Muller - Moving Chuck [1080p].html]	..\FileExplorerReadOnly\Tools\SearchProxyModel.cpp	166	bool SearchProxyModel::CheckIfContentsContained(const QString&, const QString&) const
23:55:22.506	D	Read file [D:/Y2024/0314/items/12/Wedding Impossible - EP06 1080p Viki WEB-DL.html]	..\FileExplorerReadOnly\Tools\SearchProxyModel.cpp	166	bool SearchProxyModel::CheckIfContentsContained(const QString&, const QString&) const
23:55:22.506	D	Read file [D:/Y2024/0314/items/34/Wedding Impossible - EP05 1080p Viki WEB-DL.html]	..\FileExplorerReadOnly\Tools\SearchProxyModel.cpp	166	bool SearchProxyModel::CheckIfContentsContained(const QString&, const QString&) const
23:55:22.506	D	Read file [D:/Y2024/0314/items/34/VoyR - Philipe Coutinho & Gael Kriok.html]	..\FileExplorerReadOnly\Tools\SearchProxyModel.cpp	166	bool SearchProxyModel::CheckIfContentsContained(const QString&, const QString&) const
23:55:22.506	D	Read file [D:/Y2024/0314/items/34/VoyR - Marcel, Rhyheim Shabazz, Randhy Junior, Will Duarte.html]	..\FileExplorerReadOnly\Tools\SearchProxyModel.cpp	166	bool SearchProxyModel::CheckIfContentsContained(const QString&, const QString&) const
23:55:22.506	D	Read file [D:/Y2024/0314/items/34/VoyR - Gael Kriok & Kaleo.html]	..\FileExplorerReadOnly\Tools\SearchProxyModel.cpp	166	bool SearchProxyModel::CheckIfContentsContained(const QString&, const QString&) const
23:55:22.506	D	Read file [D:/Y2024/0314/items/34/VoyR - Danny, Will Duarte, Romeo and Nico - Let's have some Fun and Passion.html]	..\FileExplorerReadOnly\Tools\SearchProxyModel.cpp	166	bool SearchProxyModel::CheckIfContentsContained(const QString&, const QString&) const
23:55:22.506	D	Read file [D:/Y2024/0314/items/34/VOYR - Train Fuck - Caio Rodrigues, Gael Kriok, Andres Milan BB 1080p.html]	..\FileExplorerReadOnly\Tools\SearchProxyModel.cpp	166	bool SearchProxyModel::CheckIfContentsContained(const QString&, const QString&) const
23:55:22.506	D	Read file [D:/Y2024/0314/items/34/VOYR - Harder Please - Caio Rodrigues fucks Felippe Masson AKA Felpp BB 1080p.html]	..\FileExplorerReadOnly\Tools\SearchProxyModel.cpp	166	bool SearchProxyModel::CheckIfContentsContained(const QString&, const QString&) const
23:55:22.506	D	Read file [D:/Y2024/0314/items/34/UKNM - Harry Louis Gets Fucked - Drew Brody & Harley Everett - Goldenboy.html]	..\FileExplorerReadOnly\Tools\SearchProxyModel.cpp	166	bool SearchProxyModel::CheckIfContentsContained(const QString&, const QString&) const
23:55:22.506	D	Read file [D:/Y2024/0314/items/12/TwinkTop - Milo Miles (Chapter 1) Job Interview - Milo Miles & Dillon Stone [1080p].html]	..\FileExplorerReadOnly\Tools\SearchProxyModel.cpp	166	bool SearchProxyModel::CheckIfContentsContained(const QString&, const QString&) const
23:55:22.506	D	Read file [D:/Y2024/0314/items/34/Treasure Island Media - TIMFUCK Vol 22 Pump It Harder.html]	..\FileExplorerReadOnly\Tools\SearchProxyModel.cpp	166	bool SearchProxyModel::CheckIfContentsContained(const QString&, const QString&) const
23:55:22.506	D	Read file [D:/Y2024/0314/items/34/Time The Series Uncut (2024) EP 10 Finale 1080p GagaOOLala WEB-DL.html]	..\FileExplorerReadOnly\Tools\SearchProxyModel.cpp	166	bool SearchProxyModel::CheckIfContentsContained(const QString&, const QString&) const
23:55:22.506	D	Read file [D:/Y2024/0314/items/34/Time The Series (Uncut) - Complete 1080p GG WeTV WEB-DL.html]	..\FileExplorerReadOnly\Tools\SearchProxyModel.cpp	166	bool SearchProxyModel::CheckIfContentsContained(const QString&, const QString&) const
23:55:22.506	D	Read file [D:/Y2024/0314/items/12/Str8Hell - Vojtech Lokan - SPANKING [1080p].html]	..\FileExplorerReadOnly\Tools\SearchProxyModel.cpp	166	bool SearchProxyModel::CheckIfContentsContained(const QString&, const QString&) const
23:55:22.510	D	Read file [D:/Y2024/0314/items/34/Staxus - Wild Weekend Festival - 720p.html]	..\FileExplorerReadOnly\Tools\SearchProxyModel.cpp	166	bool SearchProxyModel::CheckIfContentsContained(const QString&, const QString&) const
23:55:22.510	D	Read file [D:/Y2024/0314/items/12/Staxus - Tony Conrad & Martin Muse - Oil Up, Sc. 1.html]	..\FileExplorerReadOnly\Tools\SearchProxyModel.cpp	166	bool SearchProxyModel::CheckIfContentsContained(const QString&, const QString&) const
23:55:22.510	D	Read file [D:/Y2024/0314/items/34/Staxus - Connor Rex & Jan Kotrba - Raw Cuddles, Sc. 1.html]	..\FileExplorerReadOnly\Tools\SearchProxyModel.cpp	166	bool SearchProxyModel::CheckIfContentsContained(const QString&, const QString&) const
23:55:22.510	D	Read file [D:/Y2024/0314/items/12/Staxus - Angel Lopez & Lucas Drake - Face To Face, Sc. 4.html]	..\FileExplorerReadOnly\Tools\SearchProxyModel.cpp	166	bool SearchProxyModel::CheckIfContentsContained(const QString&, const QString&) const
23:55:22.511	D	Read file [D:/Y2024/0314/items/5/Staxus - Alex Aurora & Mark Fontana - Hung Jury, sc. 3.html]	..\FileExplorerReadOnly\Tools\SearchProxyModel.cpp	166	bool SearchProxyModel::CheckIfContentsContained(const QString&, const QString&) const
23:55:22.511	D	Read file [D:/Y2024/0314/items/5/Sex Addict (2010) Lucas mp4.html]	..\FileExplorerReadOnly\Tools\SearchProxyModel.cpp	166	bool SearchProxyModel::CheckIfContentsContained(const QString&, const QString&) const
23:55:22.511	D	Read file [D:/Y2024/0314/items/5/Sex Addict (2010) Lucas 720p scenes.html]	..\FileExplorerReadOnly\Tools\SearchProxyModel.cpp	166	bool SearchProxyModel::CheckIfContentsContained(const QString&, const QString&) const
23:55:22.511	D	Read file [D:/Y2024/0314/items/12/Say Uncle - Brother Crush - Ballsack Challenge - Brett Baker, Dakota Lovell BB 1080p.html]	..\FileExplorerReadOnly\Tools\SearchProxyModel.cpp	166	bool SearchProxyModel::CheckIfContentsContained(const QString&, const QString&) const
23:55:22.511	D	Read file [D:/Y2024/0314/items/12/Rainer Werner Fassbinder - Warnung vor einer heiligen Nutte AKA Beware of a Holy Whore [+commentary].html]	..\FileExplorerReadOnly\Tools\SearchProxyModel.cpp	166	bool SearchProxyModel::CheckIfContentsContained(const QString&, const QString&) const
23:55:22.511	D	Read file [D:/Y2024/0314/items/5/PigBoy Ruben - PigBoy & Pierre Rubberax - Corrupted Twinks 3.html]	..\FileExplorerReadOnly\Tools\SearchProxyModel.cpp	166	bool SearchProxyModel::CheckIfContentsContained(const QString&, const QString&) const
23:55:22.511	D	Read file [D:/Y2024/0314/items/34/PigBoy Ruben - PigBoy & Geal - Corrupted Twinks 2.html]	..\FileExplorerReadOnly\Tools\SearchProxyModel.cpp	166	bool SearchProxyModel::CheckIfContentsContained(const QString&, const QString&) const
23:55:22.511	D	Read file [D:/Y2024/0314/items/34/PigBoy Ruben - PigBoy & Bad Prince - Corrupted Twinks 4.html]	..\FileExplorerReadOnly\Tools\SearchProxyModel.cpp	166	bool SearchProxyModel::CheckIfContentsContained(const QString&, const QString&) const
23:55:22.511	D	Read file [D:/Y2024/0314/items/5/PigBoy Ruben - Denis Nowak & PigBoy - Corrupted Twinks 1.html]	..\FileExplorerReadOnly\Tools\SearchProxyModel.cpp	166	bool SearchProxyModel::CheckIfContentsContained(const QString&, const QString&) const
23:55:22.511	D	Read file [D:/Y2024/0314/items/12/Pig Bottoms (Say Uncle) - Jace, Zak Bishop, Des Irez, Brett Baker - Cum In, Stranger.html]	..\FileExplorerReadOnly\Tools\SearchProxyModel.cpp	166	bool SearchProxyModel::CheckIfContentsContained(const QString&, const QString&) const
23:55:22.511	D	Read file [D:/Y2024/0314/items/34/Ossan s Love Returns TELASA Spin Off Forbidden Gout Temps Nouveau - EP02 Finale 1080p GG WEB-DL.html]	..\FileExplorerReadOnly\Tools\SearchProxyModel.cpp	166	bool SearchProxyModel::CheckIfContentsContained(const QString&, const QString&) const
23:55:22.511	D	Read file [D:/Y2024/0314/items/34/Only Fans - hungskater andrewdelta22.html]	..\FileExplorerReadOnly\Tools\SearchProxyModel.cpp	166	bool SearchProxyModel::CheckIfContentsContained(const QString&, const QString&) const
23:55:22.511	D	Read file [D:/Y2024/0314/items/12/Only Fans - Timothy Champagne in Fantasy Action 4 of 7.html]	..\FileExplorerReadOnly\Tools\SearchProxyModel.cpp	166	bool SearchProxyModel::CheckIfContentsContained(const QString&, const QString&) const
23:55:22.511	D	Read file [D:/Y2024/0314/items/5/Only Fans - Rhyheim Shabazz and Reign.html]	..\FileExplorerReadOnly\Tools\SearchProxyModel.cpp	166	bool SearchProxyModel::CheckIfContentsContained(const QString&, const QString&) const
23:55:22.511	D	Read file [D:/Y2024/0314/items/12/Only Fans - MrDeepVoice & Davie Scotts.html]	..\FileExplorerReadOnly\Tools\SearchProxyModel.cpp	166	bool SearchProxyModel::CheckIfContentsContained(const QString&, const QString&) const
23:55:22.511	D	Read file [D:/Y2024/0314/items/34/Only Fans - Matthew Ellis (atasteofmatt) hungskater.html]	..\FileExplorerReadOnly\Tools\SearchProxyModel.cpp	166	bool SearchProxyModel::CheckIfContentsContained(const QString&, const QString&) const
23:55:22.511	D	Read file [D:/Y2024/0314/items/34/Only Fans - Matthew Ellis (atasteofmatt) Sam Hollister (aussie_sam).html]	..\FileExplorerReadOnly\Tools\SearchProxyModel.cpp	166	bool SearchProxyModel::CheckIfContentsContained(const QString&, const QString&) const
23:55:22.511	D	Read file [D:/Y2024/0314/items/34/Only Fans - Matthew Ellis (atasteofmatt) Horsepapo (@horse_stable).html]	..\FileExplorerReadOnly\Tools\SearchProxyModel.cpp	166	bool SearchProxyModel::CheckIfContentsContained(const QString&, const QString&) const
23:55:22.511	D	Read file [D:/Y2024/0314/items/34/Only Fans - Matthew Ellis (atasteofmatt) Big Liam (bigliamxxx).html]	..\FileExplorerReadOnly\Tools\SearchProxyModel.cpp	166	bool SearchProxyModel::CheckIfContentsContained(const QString&, const QString&) const
23:55:22.511	D	Read file [D:/Y2024/0314/items/12/Only Fans - Marcos Goiano & Carmona.html]	..\FileExplorerReadOnly\Tools\SearchProxyModel.cpp	166	bool SearchProxyModel::CheckIfContentsContained(const QString&, const QString&) const
23:55:22.511	D	Read file [D:/Y2024/0314/items/12/Only Fans - Luizggsp (Brazil Butt Fucker).html]	..\FileExplorerReadOnly\Tools\SearchProxyModel.cpp	166	bool SearchProxyModel::CheckIfContentsContained(const QString&, const QString&) const
23:55:22.511	D	Read file [D:/Y2024/0314/items/12/Only Fans - Leonaordo, Randhy Jr, Diego Mineiro.html]	..\FileExplorerReadOnly\Tools\SearchProxyModel.cpp	166	bool SearchProxyModel::CheckIfContentsContained(const QString&, const QString&) const
23:55:22.511	D	Read file [D:/Y2024/0314/items/12/Only Fans - Johnie Bravo.html]	..\FileExplorerReadOnly\Tools\SearchProxyModel.cpp	166	bool SearchProxyModel::CheckIfContentsContained(const QString&, const QString&) const
23:55:22.511	D	Read file [D:/Y2024/0314/items/12/Only Fans - Hayden Monteleone.html]	..\FileExplorerReadOnly\Tools\SearchProxyModel.cpp	166	bool SearchProxyModel::CheckIfContentsContained(const QString&, const QString&) const
23:55:22.511	D	Read file [D:/Y2024/0314/items/12/Only Fans - George Harrer.html]	..\FileExplorerReadOnly\Tools\SearchProxyModel.cpp	166	bool SearchProxyModel::CheckIfContentsContained(const QString&, const QString&) const
23:55:22.511	D	Read file [D:/Y2024/0314/items/12/Only Fans - Gael Kriok with Elijah Zayne, Rhyheim Shabazz, Mateo Zagal.html]	..\FileExplorerReadOnly\Tools\SearchProxyModel.cpp	166	bool SearchProxyModel::CheckIfContentsContained(const QString&, const QString&) const
23:55:22.511	D	Read file [D:/Y2024/0314/items/12/Only Fans - Daniel Dixxx & TradesManCock [720p].html]	..\FileExplorerReadOnly\Tools\SearchProxyModel.cpp	166	bool SearchProxyModel::CheckIfContentsContained(const QString&, const QString&) const
23:55:22.511	D	Read file [D:/Y2024/0314/items/12/Only Fans - Beau Butler with Johnny and Rick Donovan.html]	..\FileExplorerReadOnly\Tools\SearchProxyModel.cpp	166	bool SearchProxyModel::CheckIfContentsContained(const QString&, const QString&) const
23:55:22.511	D	Read file [D:/Y2024/0314/items/34/Naked Sword - Derek Kage & Sean Xavier - Fan Male.html]	..\FileExplorerReadOnly\Tools\SearchProxyModel.cpp	166	bool SearchProxyModel::CheckIfContentsContained(const QString&, const QString&) const
23:55:22.511	D	Read file [D:/Y2024/0314/items/12/My Wife's Gay Brother.html]	..\FileExplorerReadOnly\Tools\SearchProxyModel.cpp	166	bool SearchProxyModel::CheckIfContentsContained(const QString&, const QString&) const
23:55:22.511	D	Read file [D:/Y2024/0314/items/34/My Strawberry Film - EP01 to EP04 1080p GG WEB-DL MultiSub.html]	..\FileExplorerReadOnly\Tools\SearchProxyModel.cpp	166	bool SearchProxyModel::CheckIfContentsContained(const QString&, const QString&) const
23:55:22.511	D	Read file [D:/Y2024/0314/items/34/MeninosOnline - Markin Wolf & Ryan Ross - Honey dick.html]	..\FileExplorerReadOnly\Tools\SearchProxyModel.cpp	166	bool SearchProxyModel::CheckIfContentsContained(const QString&, const QString&) const
23:55:22.511	D	Read file [D:/Y2024/0314/items/12/MEN - William Seed, Johnny Viper BB 1080p.html]	..\FileExplorerReadOnly\Tools\SearchProxyModel.cpp	166	bool SearchProxyModel::CheckIfContentsContained(const QString&, const QString&) const
23:55:22.511	D	Read file [D:/Y2024/0314/items/5/Lucas Entertainment - Oskar Ivan's Waitstaff Fuck Fest Part 2 [1080p].html]	..\FileExplorerReadOnly\Tools\SearchProxyModel.cpp	166	bool SearchProxyModel::CheckIfContentsContained(const QString&, const QString&) const
23:55:22.511	D	Read file [D:/Y2024/0314/items/34/Love is Better the Second Time Around - EP02 1080p GG WEB-DL.html]	..\FileExplorerReadOnly\Tools\SearchProxyModel.cpp	166	bool SearchProxyModel::CheckIfContentsContained(const QString&, const QString&) const
23:55:22.511	D	Read file [D:/Y2024/0314/items/34/LatinBoyz - Maicol & Pipe.html]	..\FileExplorerReadOnly\Tools\SearchProxyModel.cpp	166	bool SearchProxyModel::CheckIfContentsContained(const QString&, const QString&) const
23:55:22.515	D	Read file [D:/Y2024/0314/items/12/Jack Wilson.html]	..\FileExplorerReadOnly\Tools\SearchProxyModel.cpp	166	bool SearchProxyModel::CheckIfContentsContained(const QString&, const QString&) const
23:55:22.515	D	Read file [D:/Y2024/0314/items/12/Irm?os Dotados - Found his Nephew Fingering Himself.html]	..\FileExplorerReadOnly\Tools\SearchProxyModel.cpp	166	bool SearchProxyModel::CheckIfContentsContained(const QString&, const QString&) const
23:55:22.515	D	Read file [D:/Y2024/0314/items/5/Helix Studios - Zach Letoa & Silas Brooks - Push It In [1080p].html]	..\FileExplorerReadOnly\Tools\SearchProxyModel.cpp	166	bool SearchProxyModel::CheckIfContentsContained(const QString&, const QString&) const
23:55:22.516	D	Read file [D:/Y2024/0314/items/34/Helix Studios - Kyle Ross & Calvin Banks_1080p.html]	..\FileExplorerReadOnly\Tools\SearchProxyModel.cpp	166	bool SearchProxyModel::CheckIfContentsContained(const QString&, const QString&) const
23:55:22.516	D	Read file [D:/Y2024/0314/items/12/Helix - CJ Parker & Zach Leota - Zach Attack.html]	..\FileExplorerReadOnly\Tools\SearchProxyModel.cpp	166	bool SearchProxyModel::CheckIfContentsContained(const QString&, const QString&) const
23:55:22.516	D	Read file [D:/Y2024/0314/items/34/HarlemHookups - Keiran Hardy - 720p Scenes 1-2-3.html]	..\FileExplorerReadOnly\Tools\SearchProxyModel.cpp	166	bool SearchProxyModel::CheckIfContentsContained(const QString&, const QString&) const
23:55:22.516	D	Read file [D:/Y2024/0314/items/34/Gaycest - A New Man - Tape 1 Even The Score (St Patrick's Day) - Cain Marko, Brody Fox BB 1080p.html]	..\FileExplorerReadOnly\Tools\SearchProxyModel.cpp	166	bool SearchProxyModel::CheckIfContentsContained(const QString&, const QString&) const
23:55:22.516	D	Read file [D:/Y2024/0314/items/34/GayCest - International Transfer - Tape 1 Serg's Welcome - Legrand Wolf, Eddie Patrick, Serg Shepard.html]	..\FileExplorerReadOnly\Tools\SearchProxyModel.cpp	166	bool SearchProxyModel::CheckIfContentsContained(const QString&, const QString&) const
23:55:22.516	D	Read file [D:/Y2024/0314/items/12/Fun Size Boys - Milo Miles Chapter 3 - Top Shelf With Cain Marko [720p].html]	..\FileExplorerReadOnly\Tools\SearchProxyModel.cpp	166	bool SearchProxyModel::CheckIfContentsContained(const QString&, const QString&) const
23:55:22.516	D	Read file [D:/Y2024/0314/items/34/Fuck You Cracker - Ginger Snaps On This Big Black Dick - 720p.html]	..\FileExplorerReadOnly\Tools\SearchProxyModel.cpp	166	bool SearchProxyModel::CheckIfContentsContained(const QString&, const QString&) const
23:55:22.516	D	Read file [D:/Y2024/0314/items/34/Fan Sites - Davie Scotts (Daviescotts) - A Few More Clips.html]	..\FileExplorerReadOnly\Tools\SearchProxyModel.cpp	166	bool SearchProxyModel::CheckIfContentsContained(const QString&, const QString&) const
23:55:22.516	D	Read file [D:/Y2024/0314/items/5/Falcon Studios - Dean Young & Sir Peter [1080p].html]	..\FileExplorerReadOnly\Tools\SearchProxyModel.cpp	166	bool SearchProxyModel::CheckIfContentsContained(const QString&, const QString&) const
23:55:22.516	D	Read file [D:/Y2024/0314/items/12/EuroHunk - Martin Muse & Florian Richter - Breakfast In Bed.html]	..\FileExplorerReadOnly\Tools\SearchProxyModel.cpp	166	bool SearchProxyModel::CheckIfContentsContained(const QString&, const QString&) const
23:55:22.516	D	Read file [D:/Y2024/0314/items/5/Eric Videos - Horny Studs, Part 2 - Alex Ink, Lobo Carreira & Nik Fros.html]	..\FileExplorerReadOnly\Tools\SearchProxyModel.cpp	166	bool SearchProxyModel::CheckIfContentsContained(const QString&, const QString&) const
23:55:22.516	D	Read file [D:/Y2024/0314/items/12/Dirty Scout Video Dump PT 2.html]	..\FileExplorerReadOnly\Tools\SearchProxyModel.cpp	166	bool SearchProxyModel::CheckIfContentsContained(const QString&, const QString&) const
23:55:22.516	D	Read file [D:/Y2024/0314/items/12/Defiant Boyz movies starting with E and F.html]	..\FileExplorerReadOnly\Tools\SearchProxyModel.cpp	166	bool SearchProxyModel::CheckIfContentsContained(const QString&, const QString&) const
23:55:22.516	D	Read file [D:/Y2024/0314/items/5/CrunchBoy - Alton Red, Macara Domi & Dangelo Marco [720p].html]	..\FileExplorerReadOnly\Tools\SearchProxyModel.cpp	166	bool SearchProxyModel::CheckIfContentsContained(const QString&, const QString&) const
23:55:22.516	D	Read file [D:/Y2024/0314/items/34/Corbin Fisher - ACM2949 - Oakley Gets Fucked - Oakley & Rocky.html]	..\FileExplorerReadOnly\Tools\SearchProxyModel.cpp	166	bool SearchProxyModel::CheckIfContentsContained(const QString&, const QString&) const
23:55:22.516	D	Read file [D:/Y2024/0314/items/12/Colby Knox - Jordan Starr & Benvi - Stealthy Yoga Flip-Fuck.html]	..\FileExplorerReadOnly\Tools\SearchProxyModel.cpp	166	bool SearchProxyModel::CheckIfContentsContained(const QString&, const QString&) const
23:55:22.516	D	Read file [D:/Y2024/0314/items/12/CockyBoys - Aiden Ward, Damian Night BB 1080p.html]	..\FileExplorerReadOnly\Tools\SearchProxyModel.cpp	166	bool SearchProxyModel::CheckIfContentsContained(const QString&, const QString&) const
23:55:22.516	D	Read file [D:/Y2024/0314/items/12/Club Bang Boys - Rico Loko & Nico Vegas - Big cock play time.html]	..\FileExplorerReadOnly\Tools\SearchProxyModel.cpp	166	bool SearchProxyModel::CheckIfContentsContained(const QString&, const QString&) const
23:55:22.516	D	Read file [D:/Y2024/0314/items/12/Close Friend S3 Soju Bomb - EP01 1080p GG WEB-DL MultiSub.html]	..\FileExplorerReadOnly\Tools\SearchProxyModel.cpp	166	bool SearchProxyModel::CheckIfContentsContained(const QString&, const QString&) const
23:55:22.516	D	Read file [D:/Y2024/0314/items/5/Citebeur - White Wolf & Kabyle Divino - White Wolf & His Little Lamb [1080p].html]	..\FileExplorerReadOnly\Tools\SearchProxyModel.cpp	166	bool SearchProxyModel::CheckIfContentsContained(const QString&, const QString&) const
23:55:22.516	D	Read file [D:/Y2024/0314/items/12/Butch Dixon - Well Hung & Hairy.html]	..\FileExplorerReadOnly\Tools\SearchProxyModel.cpp	166	bool SearchProxyModel::CheckIfContentsContained(const QString&, const QString&) const
23:55:22.516	D	Read file [D:/Y2024/0314/items/12/Boy For Sale - The Boy Jack - Chapter 1 The Grooming - Ace Banner, Jack Waters 1080p.html]	..\FileExplorerReadOnly\Tools\SearchProxyModel.cpp	166	bool SearchProxyModel::CheckIfContentsContained(const QString&, const QString&) const
23:55:22.516	D	Read file [D:/Y2024/0314/items/12/BiLatin Men - Maldon & Mix [1080p].html]	..\FileExplorerReadOnly\Tools\SearchProxyModel.cpp	166	bool SearchProxyModel::CheckIfContentsContained(const QString&, const QString&) const
23:55:22.516	D	Read file [D:/Y2024/0314/items/12/Between a Frock and a Hard Place (2015) 720p.html]	..\FileExplorerReadOnly\Tools\SearchProxyModel.cpp	166	bool SearchProxyModel::CheckIfContentsContained(const QString&, const QString&) const
23:55:22.516	D	Read file [D:/Y2024/0314/items/12/Beefcake Hunter - Kissing Cory some more.html]	..\FileExplorerReadOnly\Tools\SearchProxyModel.cpp	166	bool SearchProxyModel::CheckIfContentsContained(const QString&, const QString&) const
23:55:22.516	D	Read file [D:/Y2024/0314/items/12/Bareback Latinoz - Vincent Landi & Francis Gerard.html]	..\FileExplorerReadOnly\Tools\SearchProxyModel.cpp	166	bool SearchProxyModel::CheckIfContentsContained(const QString&, const QString&) const
23:55:22.516	D	Read file [D:/Y2024/0314/items/34/Anti Reset - EP06 EP07 1080p iQ WEB-DL.html]	..\FileExplorerReadOnly\Tools\SearchProxyModel.cpp	166	bool SearchProxyModel::CheckIfContentsContained(const QString&, const QString&) const
23:55:22.516	D	Read file [D:/Y2024/0314/items/34/Adam Russo & Mason McGregor.html]	..\FileExplorerReadOnly\Tools\SearchProxyModel.cpp	166	bool SearchProxyModel::CheckIfContentsContained(const QString&, const QString&) const
23:55:22.516	D	Read file [D:/Y2024/0314/items/34/ActiveDuty - Raw Brigade - 720p.html]	..\FileExplorerReadOnly\Tools\SearchProxyModel.cpp	166	bool SearchProxyModel::CheckIfContentsContained(const QString&, const QString&) const
23:55:22.516	D	Read file [D:/Y2024/0314/items/34/ASGMax - ASG Free Use The Worst Roommate - Kane Fox, Jayden Marcos, Asher Day BB 1080p.html]	..\FileExplorerReadOnly\Tools\SearchProxyModel.cpp	166	bool SearchProxyModel::CheckIfContentsContained(const QString&, const QString&) const
23:55:40.298	D			 Anchor of path [D:/Y2024/0314/items] target to (3, 0)	..\FileExplorerReadOnly\ContentPanel.cpp	181	bool ContentPanel::on_selectionChanged(const QItemSelection&, const QItemSelection&)
23:55:40.328	D	onAfterDirectoryLoaded[D:/Y2024/0314/items]	..\FileExplorerReadOnly\ContentPanel.cpp	219	bool ContentPanel::onAfterDirectoryLoaded(const QString&)
23:55:44.456	D	onAfterDirectoryLoaded[D:/Y2024/0314/items]	..\FileExplorerReadOnly\ContentPanel.cpp	219	bool ContentPanel::onAfterDirectoryLoaded(const QString&)
23:55:44.456	D			 Anchor of path [D:/Y2024/0314/items] target to (3, 0)	..\FileExplorerReadOnly\ContentPanel.cpp	181	bool ContentPanel::on_selectionChanged(const QItemSelection&, const QItemSelection&)
23:55:44.840	D	Enter(3, 0) [nonporn]	..\FileExplorerReadOnly\ContentPanel.cpp	133	bool ContentPanel::on_cellDoubleClicked(const QModelIndex&)
23:55:44.844	D	set Path [D:/Y2024/0314/items/nonporn]	..\FileExplorerReadOnly\Component\AddressELineEdit.cpp	110	void AddressELineEdit::updateAddressToolBarPathActions(const QString&)
23:55:44.845	D	onAfterDirectoryLoaded[D:/Y2024/0314/items/nonporn]	..\FileExplorerReadOnly\ContentPanel.cpp	219	bool ContentPanel::onAfterDirectoryLoaded(const QString&)
23:55:44.845	D	anchorTags[D:/Y2024/0314/items/nonporn] not exist. scroll abort	..\FileExplorerReadOnly\ContentPanel.cpp	222	bool ContentPanel::onAfterDirectoryLoaded(const QString&)
23:55:45.617	D	Submit is Rename and post remove operation all succeed:1	..\FileExplorerReadOnly\Component\RenameConflicts.cpp	204	bool RenameConflicts::on_Submit()
23:55:45.632	D	onAfterDirectoryLoaded[D:/Y2024/0314/items/nonporn]	..\FileExplorerReadOnly\ContentPanel.cpp	219	bool ContentPanel::onAfterDirectoryLoaded(const QString&)
23:55:45.632	D	anchorTags[D:/Y2024/0314/items/nonporn] not exist. scroll abort	..\FileExplorerReadOnly\ContentPanel.cpp	222	bool ContentPanel::onAfterDirectoryLoaded(const QString&)
23:55:45.632	D	onAfterDirectoryLoaded[D:/Y2024/0314/items/nonporn]	..\FileExplorerReadOnly\ContentPanel.cpp	219	bool ContentPanel::onAfterDirectoryLoaded(const QString&)
23:55:45.632	D	anchorTags[D:/Y2024/0314/items/nonporn] not exist. scroll abort	..\FileExplorerReadOnly\ContentPanel.cpp	222	bool ContentPanel::onAfterDirectoryLoaded(const QString&)
23:55:48.128	D	Path triggered [D:/Y2024/0314/items]	..\FileExplorerReadOnly\Component\AddressELineEdit.cpp	96	void AddressELineEdit::onPathActionTriggered(const QAction*)
23:55:48.128	D	set Path [D:/Y2024/0314/items]	..\FileExplorerReadOnly\Component\AddressELineEdit.cpp	110	void AddressELineEdit::updateAddressToolBarPathActions(const QString&)
23:55:48.138	D	onAfterDirectoryLoaded[D:/Y2024/0314/items]	..\FileExplorerReadOnly\ContentPanel.cpp	219	bool ContentPanel::onAfterDirectoryLoaded(const QString&)
23:55:48.138	D			 Anchor of path [D:/Y2024/0314/items] target to (3, 0)	..\FileExplorerReadOnly\ContentPanel.cpp	181	bool ContentPanel::on_selectionChanged(const QItemSelection&, const QItemSelection&)
23:55:48.867	D			 Anchor of path [D:/Y2024/0314/items] target to (0, 0)	..\FileExplorerReadOnly\ContentPanel.cpp	181	bool ContentPanel::on_selectionChanged(const QItemSelection&, const QItemSelection&)
23:55:49.114	D	Enter(0, 0) [5]	..\FileExplorerReadOnly\ContentPanel.cpp	133	bool ContentPanel::on_cellDoubleClicked(const QModelIndex&)
23:55:49.125	D	set Path [D:/Y2024/0314/items/5]	..\FileExplorerReadOnly\Component\AddressELineEdit.cpp	110	void AddressELineEdit::updateAddressToolBarPathActions(const QString&)
23:55:49.129	D	onAfterDirectoryLoaded[D:/Y2024/0314/items/5]	..\FileExplorerReadOnly\ContentPanel.cpp	219	bool ContentPanel::onAfterDirectoryLoaded(const QString&)
23:55:49.129	D	anchorTags[D:/Y2024/0314/items/5] not exist. scroll abort	..\FileExplorerReadOnly\ContentPanel.cpp	222	bool ContentPanel::onAfterDirectoryLoaded(const QString&)
